<?xml version="1.0" encoding="UTF-8"?>
<!-- Generated by org.testng.reporters.JUnitReportReporter -->
<testsuite hostname="DESKTOP-855BLG6" failures="0" tests="1" name="online.Flipkart" time="35.150" errors="0" timestamp="2023-07-27T21:37:02 IST" skipped="0">
  <testcase classname="online.Flipkart" name="flipkartTest" time="35.150"/>
  <system-out/>
</testsuite> <!-- online.Flipkart -->
