<?xml version="1.0" encoding="UTF-8"?>
<!-- Generated by org.testng.reporters.JUnitReportReporter -->
<testsuite hostname="DESKTOP-855BLG6" failures="0" tests="1" name="online.Amazon" time="27.387" errors="0" timestamp="2023-07-27T21:37:02 IST" skipped="0">
  <testcase classname="online.Amazon" name="amazonTest" time="27.387"/>
  <system-out/>
</testsuite> <!-- online.Amazon -->
