<?xml version="1.0" encoding="UTF-8"?>
<!-- Generated by org.testng.reporters.JUnitReportReporter -->
<testsuite hostname="DESKTOP-855BLG6" failures="0" tests="1" name="online.Ajio" time="64.637" errors="0" timestamp="2023-07-27T21:37:02 IST" skipped="0">
  <testcase classname="online.Ajio" name="ajioTest" time="64.637"/>
  <system-out/>
</testsuite> <!-- online.Ajio -->
