<?xml version="1.0" encoding="UTF-8"?>
<!-- Generated by org.testng.reporters.JUnitReportReporter -->
<testsuite hostname="DESKTOP-855BLG6" failures="0" tests="1" name="online.Ajio" time="11.518" errors="0" timestamp="2025-02-03T11:13:25 IST" skipped="0">
  <testcase classname="online.Ajio" name="ajioTest" time="11.518"/>
  <system-out>
    <![CDATA[opening ajio]]>
  </system-out>
</testsuite> <!-- online.Ajio -->
