<?xml version="1.0" encoding="UTF-8"?>
<!-- Generated by org.testng.reporters.JUnitReportReporter -->
<testsuite hostname="DESKTOP-855BLG6" failures="0" tests="2" name="online.Amazon" time="241.787" errors="0" timestamp="2023-08-25T20:57:39 IST" skipped="0">
  <testcase classname="online.Amazon" name="amazonTest" time="241.785"/>
  <system-out>
    <![CDATA[opening Amazon]]>
  </system-out>
  <testcase classname="online.Amazon" name="print" time="0.002"/>
  <system-out/>
</testsuite> <!-- online.Amazon -->
