<?xml version="1.0" encoding="UTF-8"?>
<!-- Generated by org.testng.reporters.JUnitReportReporter -->
<testsuite hostname="DESKTOP-855BLG6" failures="0" tests="1" name="online.Ebay" time="170.174" errors="0" timestamp="2023-08-25T20:57:39 IST" skipped="0">
  <testcase classname="online.Ebay" name="ebayTest" time="170.174"/>
  <system-out>
    <![CDATA[opening Ebay
opening Ebay]]>
  </system-out>
</testsuite> <!-- online.Ebay -->
