<?xml version="1.0" encoding="UTF-8"?>
<!-- Generated by org.testng.reporters.JUnitReportReporter -->
<testsuite hostname="DESKTOP-855BLG6" failures="0" tests="1" name="online.FindMultipleElements" time="33.023" errors="0" timestamp="2023-08-08T18:47:43 IST" skipped="0">
  <testcase classname="online.FindMultipleElements" name="multipleElements" time="33.023"/>
  <system-out>
    <![CDATA[DemoQA]]>
  </system-out>
</testsuite> <!-- online.FindMultipleElements -->
