<?xml version="1.0" encoding="UTF-8"?>
<!-- Generated by org.testng.reporters.JUnitReportReporter -->
<testsuite hostname="DESKTOP-855BLG6" failures="0" tests="1" name="online.Ajio" time="203.683" errors="0" timestamp="2023-08-25T20:57:39 IST" skipped="0">
  <testcase classname="online.Ajio" name="ajioTest" time="203.683"/>
  <system-out>
    <![CDATA[opening Ajio]]>
  </system-out>
</testsuite> <!-- online.Ajio -->
